<?xml version="1.0" encoding="UTF-8"?>
<testsuite name="com.dependencies.test.CreateAccountTest" tests="1" skipped="0" failures="0" errors="0" timestamp="2024-04-14T19:59:24" hostname="DESKTOP-HFLOAGK" time="3.764">
  <properties/>
  <testcase name="createNewAccountPositiveTest" classname="com.dependencies.test.CreateAccountTest" time="3.764"/>
  <system-out><![CDATA[]]></system-out>
  <system-err><![CDATA[]]></system-err>
</testsuite>
